<?xml version="1.0" encoding="UTF-8"?>
<!-- Generated by org.testng.reporters.JUnitXMLReporter -->
<testsuite ignored="0" hostname="DESKTOP-C34UQS0" failures="0" tests="11" name="MP_BuzSignUp2Publish" time="208.705" errors="0" timestamp="28 Sep 2018 15:43:39 GMT">
  <testcase classname="Testcase.MP_BuzSignUp2Publish" name="e_EventNames" time="164.819"/>
  <testcase classname="Testcase.MP_BuzSignUp2Publish" name="e_BrandOnbModal" time="0.002"/>
  <testcase classname="Testcase.MP_BuzSignUp2Publish" name="e_FinishOnbSurvey" time="0.002"/>
  <testcase classname="Testcase.MP_BuzSignUp2Publish" name="e_TemplatesSearch" time="0.001"/>
  <testcase classname="Testcase.MP_BuzSignUp2Publish" name="e_ClickOnCreateFromTemplate" time="0.001"/>
  <testcase classname="Testcase.MP_BuzSignUp2Publish" name="e_FinishEditorTourGuide" time="0.001"/>
  <testcase classname="Testcase.MP_BuzSignUp2Publish" name="e_ClickOnPublish" time="0.001"/>
  <testcase classname="Testcase.MP_BuzSignUp2Publish" name="e_ClickOnbSurveyAnwser" time="0.003"/>
  <testcase classname="Testcase.MP_BuzSignUp2Publish" name="e_ClickOnbStyleAnwser" time="0.002"/>
  <testcase classname="Testcase.MP_BuzSignUp2Publish" name="e_ClickCancelSubscription" time="0.003"/>
  <testcase classname="Testcase.MP_BuzSignUp2Publish" name="intercomEvents" time="0.462"/>
</testsuite> <!-- MP_BuzSignUp2Publish -->
