<?xml version="1.0" encoding="UTF-8"?>
<!-- Generated by org.testng.reporters.JUnitXMLReporter -->
<testsuite ignored="0" hostname="DESKTOP-C34UQS0" failures="0" tests="9" name="MP_FreeSignUp2Publish" time="137.977" errors="0" timestamp="28 Sep 2018 15:45:57 GMT">
  <testcase classname="Testcase.MP_FreeSignUp2Publish" name="verifyEventsGenerated" time="108.308"/>
  <testcase classname="Testcase.MP_FreeSignUp2Publish" name="e_onbSurveyAnwser" time="0.002"/>
  <testcase classname="Testcase.MP_FreeSignUp2Publish" name="e_FinishOnbSurvey" time="0.001"/>
  <testcase classname="Testcase.MP_FreeSignUp2Publish" name="e_ClickNavigation" time="0.001"/>
  <testcase classname="Testcase.MP_FreeSignUp2Publish" name="e_ClickOnCreateFromBlank" time="0.001"/>
  <testcase classname="Testcase.MP_FreeSignUp2Publish" name="e_FinishEditorTourGuide" time="0.002"/>
  <testcase classname="Testcase.MP_FreeSignUp2Publish" name="e_ClickOnPublish" time="0.002"/>
  <testcase classname="Testcase.MP_FreeSignUp2Publish" name="e_ClickOnbStyleAnwser" time="0.002"/>
  <testcase classname="Testcase.MP_FreeSignUp2Publish" name="intercomEvents" time="0.415"/>
</testsuite> <!-- MP_FreeSignUp2Publish -->
