<?xml version="1.0" encoding="UTF-8"?>
<!-- Generated by org.testng.reporters.JUnitXMLReporter -->
<testsuite ignored="0" hostname="DESKTOP-C34UQS0" failures="0" tests="17" name="MP_MBuzSignUp2I_PDFDownload" time="220.456" errors="0" timestamp="28 Sep 2018 15:49:37 GMT">
  <testcase classname="Testcase.MP_MBuzSignUp2I_PDFDownload" name="verifyEventsGenerated_Owner" time="2.285"/>
  <testcase classname="Testcase.MP_MBuzSignUp2I_PDFDownload" name="e_BrandOnbModal" time="0.0"/>
  <testcase classname="Testcase.MP_MBuzSignUp2I_PDFDownload" name="e_OnbSurveyAnwser_Owner" time="0.0"/>
  <testcase classname="Testcase.MP_MBuzSignUp2I_PDFDownload" name="e_FinishOnbSurvey_Owner" time="0.0"/>
  <testcase classname="Testcase.MP_MBuzSignUp2I_PDFDownload" name="e_ClickOnbStyleAnwser_Owner" time="0.001"/>
  <testcase classname="Testcase.MP_MBuzSignUp2I_PDFDownload" name="e_ClickOnCreateFromTemplate_Owner" time="0.001"/>
  <testcase classname="Testcase.MP_MBuzSignUp2I_PDFDownload" name="e_FinishEditorTourGuide" time="0.0"/>
  <testcase classname="Testcase.MP_MBuzSignUp2I_PDFDownload" name="e_Download" time="0.0"/>
  <testcase classname="Testcase.MP_MBuzSignUp2I_PDFDownload" name="verifyEventsGenerated_Member" time="113.336"/>
  <testcase classname="Testcase.MP_MBuzSignUp2I_PDFDownload" name="e_OnbSurveyAnwser_Mem" time="0.002"/>
  <testcase classname="Testcase.MP_MBuzSignUp2I_PDFDownload" name="e_FinishOnbSurvey_Mem" time="0.002"/>
  <testcase classname="Testcase.MP_MBuzSignUp2I_PDFDownload" name="e_ClickOnbStyleAnwser_Mem" time="0.002"/>
  <testcase classname="Testcase.MP_MBuzSignUp2I_PDFDownload" name="e_ClickOnCreateFromTemplate_Mem" time="0.002"/>
  <testcase classname="Testcase.MP_MBuzSignUp2I_PDFDownload" name="e_FinishEditorTourGuide_Mem" time="0.001"/>
  <testcase classname="Testcase.MP_MBuzSignUp2I_PDFDownload" name="e_Share" time="0.001"/>
  <testcase classname="Testcase.MP_MBuzSignUp2I_PDFDownload" name="intercom_Owner" time="0.376"/>
  <testcase classname="Testcase.MP_MBuzSignUp2I_PDFDownload" name="intercom_Mem" time="0.343"/>
</testsuite> <!-- MP_MBuzSignUp2I_PDFDownload -->
