<?xml version="1.0" encoding="UTF-8"?>
<!-- Generated by org.testng.reporters.JUnitXMLReporter -->
<testsuite ignored="0" hostname="DESKTOP-C34UQS0" failures="0" tests="9" name="MP_MEduSignUp2ShareByEmail" time="136.471" errors="0" timestamp="28 Sep 2018 15:51:54 GMT">
  <testcase classname="Testcase.MP_MEduSignUp2ShareByEmail" name="verifyEventsGenerated" time="97.445"/>
  <testcase classname="Testcase.MP_MEduSignUp2ShareByEmail" name="e_OnbSurveyAnwser" time="0.001"/>
  <testcase classname="Testcase.MP_MEduSignUp2ShareByEmail" name="e_ClickOnbStyleAnwser_Mem" time="0.002"/>
  <testcase classname="Testcase.MP_MEduSignUp2ShareByEmail" name="e_FinishOnbSurvey" time="0.001"/>
  <testcase classname="Testcase.MP_MEduSignUp2ShareByEmail" name="e_ClickOnCreateFromTemplates" time="0.002"/>
  <testcase classname="Testcase.MP_MEduSignUp2ShareByEmail" name="e_FinishEditorTourGuide" time="0.001"/>
  <testcase classname="Testcase.MP_MEduSignUp2ShareByEmail" name="e_Share" time="0.001"/>
  <testcase classname="Testcase.MP_MEduSignUp2ShareByEmail" name="e_ClickCancelSubscription" time="0.002"/>
  <testcase classname="Testcase.MP_MEduSignUp2ShareByEmail" name="intercomEvents" time="0.376"/>
</testsuite> <!-- MP_MEduSignUp2ShareByEmail -->
