<?xml version="1.0" encoding="UTF-8"?>
<!-- Generated by org.testng.reporters.JUnitXMLReporter -->
<testsuite ignored="0" hostname="DESKTOP-C34UQS0" failures="0" tests="9" name="MP_MPreSignUp2PNGDownload" time="141.182" errors="0" timestamp="28 Sep 2018 15:54:15 GMT">
  <testcase classname="Testcase.MP_MPreSignUp2PNGDownload" name="verifyEventsGenerated" time="68.336"/>
  <testcase classname="Testcase.MP_MPreSignUp2PNGDownload" name="e_ClickOnbSurveyAnwser" time="0.001"/>
  <testcase classname="Testcase.MP_MPreSignUp2PNGDownload" name="e_ClickOnbStyleAnwser" time="0.001"/>
  <testcase classname="Testcase.MP_MPreSignUp2PNGDownload" name="e_FinishOnbSurvey" time="0.002"/>
  <testcase classname="Testcase.MP_MPreSignUp2PNGDownload" name="e_ClickOnCreateFromTemplates" time="0.001"/>
  <testcase classname="Testcase.MP_MPreSignUp2PNGDownload" name="e_FinishEditorTourGuide" time="0.001"/>
  <testcase classname="Testcase.MP_MPreSignUp2PNGDownload" name="e_Download" time="0.001"/>
  <testcase classname="Testcase.MP_MPreSignUp2PNGDownload" name="e_ClickCancelSubscription" time="0.001"/>
  <testcase classname="Testcase.MP_MPreSignUp2PNGDownload" name="intercomEvents" time="0.367"/>
</testsuite> <!-- MP_MPreSignUp2PNGDownload -->
