<?xml version="1.0" encoding="UTF-8"?>
<!-- Generated by org.testng.reporters.JUnitXMLReporter -->
<testsuite ignored="0" hostname="DESKTOP-C34UQS0" failures="0" tests="9" name="MP_QBuzSignUp2PNGHDDownload" time="138.909" errors="0" timestamp="28 Sep 2018 15:56:34 GMT">
  <testcase classname="Testcase.MP_QBuzSignUp2PNGHDDownload" name="verifyEventsGenerated" time="63.751"/>
  <testcase classname="Testcase.MP_QBuzSignUp2PNGHDDownload" name="e_ClickOnbSurveyAnwser" time="0.001"/>
  <testcase classname="Testcase.MP_QBuzSignUp2PNGHDDownload" name="e_ClickOnbStyleAnwser" time="0.002"/>
  <testcase classname="Testcase.MP_QBuzSignUp2PNGHDDownload" name="e_FinishOnbSurvey" time="0.001"/>
  <testcase classname="Testcase.MP_QBuzSignUp2PNGHDDownload" name="e_ClickOnCreateFromTemplates" time="0.001"/>
  <testcase classname="Testcase.MP_QBuzSignUp2PNGHDDownload" name="e_FinishEditorTourGuide" time="0.001"/>
  <testcase classname="Testcase.MP_QBuzSignUp2PNGHDDownload" name="e_Download" time="0.001"/>
  <testcase classname="Testcase.MP_QBuzSignUp2PNGHDDownload" name="e_ClickCancelSubscription" time="0.002"/>
  <testcase classname="Testcase.MP_QBuzSignUp2PNGHDDownload" name="intercomEvents" time="0.426"/>
</testsuite> <!-- MP_QBuzSignUp2PNGHDDownload -->
