<?xml version="1.0" encoding="UTF-8"?>
<!-- Generated by org.testng.reporters.JUnitXMLReporter -->
<testsuite ignored="0" hostname="DESKTOP-C34UQS0" failures="0" tests="10" name="MP_YBuzSignUp2PDFDownload" time="138.155" errors="0" timestamp="28 Sep 2018 16:01:11 GMT">
  <testcase classname="Testcase.MP_YBuzSignUp2PDFDownload" name="verifyEventsGenerated" time="58.155"/>
  <testcase classname="Testcase.MP_YBuzSignUp2PDFDownload" name="e_BrandOnbModal" time="0.0"/>
  <testcase classname="Testcase.MP_YBuzSignUp2PDFDownload" name="e_OnbSurveyAnwser" time="0.0"/>
  <testcase classname="Testcase.MP_YBuzSignUp2PDFDownload" name="e_FinishOnbSurvey" time="0.001"/>
  <testcase classname="Testcase.MP_YBuzSignUp2PDFDownload" name="e_ClickOnbStyleAnwser" time="0.001"/>
  <testcase classname="Testcase.MP_YBuzSignUp2PDFDownload" name="e_ClickOnCreateFromTemplate" time="0.0"/>
  <testcase classname="Testcase.MP_YBuzSignUp2PDFDownload" name="e_FinishEditorTourGuide" time="0.002"/>
  <testcase classname="Testcase.MP_YBuzSignUp2PDFDownload" name="e_Download" time="0.0"/>
  <testcase classname="Testcase.MP_YBuzSignUp2PDFDownload" name="e_ClickCancelSubscription" time="0.001"/>
  <testcase classname="Testcase.MP_YBuzSignUp2PDFDownload" name="intercomEvents" time="0.391"/>
</testsuite> <!-- MP_YBuzSignUp2PDFDownload -->
