<?xml version="1.0" encoding="UTF-8"?>
<!-- Generated by org.testng.reporters.JUnitXMLReporter -->
<testsuite ignored="0" hostname="DESKTOP-C34UQS0" failures="0" tests="9" name="MP_YPreSignUp2ShareByLink" time="137.144" errors="0" timestamp="21 Sep 2018 21:43:55 GMT">
  <testcase classname="Testcase.MP_YPreSignUp2ShareByLink" name="verifyEventsGenerated" time="104.312"/>
  <testcase classname="Testcase.MP_YPreSignUp2ShareByLink" name="e_OnbSurveyAnwser" time="0.0"/>
  <testcase classname="Testcase.MP_YPreSignUp2ShareByLink" name="e_ClickOnbStyleAnwser_Owner" time="0.001"/>
  <testcase classname="Testcase.MP_YPreSignUp2ShareByLink" name="e_FinishOnbSurvey" time="0.001"/>
  <testcase classname="Testcase.MP_YPreSignUp2ShareByLink" name="e_ClickOnCreateFromTemplates" time="0.001"/>
  <testcase classname="Testcase.MP_YPreSignUp2ShareByLink" name="e_FinishEditorTourGuide" time="0.001"/>
  <testcase classname="Testcase.MP_YPreSignUp2ShareByLink" name="e_Share" time="0.001"/>
  <testcase classname="Testcase.MP_YPreSignUp2ShareByLink" name="e_ClickCancelSubscription" time="0.001"/>
  <testcase classname="Testcase.MP_YPreSignUp2ShareByLink" name="intercomEvents" time="0.457"/>
</testsuite> <!-- MP_YPreSignUp2ShareByLink -->
