<?xml version="1.0" encoding="UTF-8"?>
<testng-results ignored="0" total="1" passed="1" failed="0" skipped="0">
  <reporter-output>
  </reporter-output>
  <suite started-at="2019-02-15T00:17:43Z" name="Default suite" finished-at="2019-02-15T00:20:15Z" duration-ms="152204">
    <groups>
    </groups>
    <test started-at="2019-02-15T00:17:43Z" name="Default test" finished-at="2019-02-15T00:20:15Z" duration-ms="152204">
      <class name="Testcase.GenerateAutoBrandOnbUsers">
        <test-method signature="generateUsers()[pri:0, instance:Testcase.GenerateAutoBrandOnbUsers@7bab3f1a]" started-at="2019-02-15T00:17:43Z" name="generateUsers" finished-at="2019-02-15T00:20:15Z" duration-ms="152180" status="PASS">
          <reporter-output>
          </reporter-output>
        </test-method> <!-- generateUsers -->
      </class> <!-- Testcase.GenerateAutoBrandOnbUsers -->
    </test> <!-- Default test -->
  </suite> <!-- Default suite -->
</testng-results>
